STEP to UG
! INFO-     NX STEP AP203 - V2206.1700
! INFO-      
! INFO-     Start of Translation: 22-FEB-2024  11:33:26 PM
! INFO-      
! STATUS-   Converting Part: C:\Users\andre\Downloads\SMA CONNECTRO.STEP
! SUMMARY-   
! SUMMARY-    STEP Header Information
! SUMMARY-   
! SUMMARY-  Description      STEP AP214
! SUMMARY-  Imp_Level        1
! SUMMARY-  File_Name        SMA CONNECTRO.STEP
! SUMMARY-  Date             2023-06-19T06:17:23
! SUMMARY-  Author           Unknown
! SUMMARY-  Organization     Unknown
! SUMMARY-  Pre_Version      SwSTEP 2.0
! SUMMARY-  Orig_System      SolidWorks 2023
! SUMMARY-  Authorization    Unknown
! SUMMARY-  Schema_ID        automotive_design
! SUMMARY-   
! SUMMARY-    Summary of STEP Entities
! SUMMARY-   
! SUMMARY-  Entity Type                                                   Count
! SUMMARY-  -----------                                                   ------
! SUMMARY-  advanced_face ..............................................:     96
! SUMMARY-  application_context ........................................:      2
! SUMMARY-  axis2_placement_3d .........................................:    160
! SUMMARY-  b_spline_curve_with_knots ..................................:     16
! SUMMARY-  b_spline_curve_with_knots_and_rational_b_spline_curve ......:     47
! SUMMARY-  b_spline_surface_with_knots_and_rational_b_spline_surface ..:      3
! SUMMARY-  cartesian_point ............................................:   1808
! SUMMARY-  circle .....................................................:     66
! SUMMARY-  closed_shell ...............................................:      1
! SUMMARY-  conical_surface ............................................:     14
! SUMMARY-  cylindrical_surface ........................................:     57
! SUMMARY-  direction ..................................................:    413
! SUMMARY-  edge_curve .................................................:    222
! SUMMARY-  edge_loop ..................................................:    111
! SUMMARY-  face_bound .................................................:     15
! SUMMARY-  face_outer_bound ...........................................:     96
! SUMMARY-  geometric_representation_context_and_global_uncertainty_a ..:      2
! SUMMARY-  length_unit_and_si_unit ....................................:      2
! SUMMARY-  line .......................................................:     93
! SUMMARY-  manifold_solid_brep ........................................:      1
! SUMMARY-  oriented_edge ..............................................:    444
! SUMMARY-  plane ......................................................:     18
! SUMMARY-  plane_angle_unit_and_si_unit ...............................:      2
! SUMMARY-  product ....................................................:      1
! SUMMARY-  product_context ............................................:      1
! SUMMARY-  product_definition .........................................:      1
! SUMMARY-  product_definition_context .................................:      1
! SUMMARY-  product_definition_formation_with_specified_source .........:      1
! SUMMARY-  product_definition_shape ...................................:      1
! SUMMARY-  product_related_product_category ...........................:      1
! SUMMARY-  si_unit_and_solid_angle_unit ...............................:      2
! SUMMARY-  toroidal_surface ...........................................:      4
! SUMMARY-  uncertainty_measure_with_unit ..............................:      2
! SUMMARY-  vector .....................................................:     93
! SUMMARY-  vertex_point ...............................................:    135
! SUMMARY-                                                               -------
! SUMMARY-  Total                                                           3932
! STATUS-    
! STATUS-   Converting to Output Form (Phase 2 of 3): 22-FEB-2024 11:33:27 PM
! STATUS-    
! STATUS-    
! STATUS-   Generating UG geometry and placing them in parts
! STATUS-    
! STATUS-   Creating the UG part (Phase 3 of 3): 22-FEB-2024  11:33:27 PM
! INFO-     Filing Part ..: C:\Users\andre\Documents\GitHub\ASTEBalloon\Flight CAD\SMA CONNECTRO.prt
! SUMMARY-   
! SUMMARY-  Summary of Unigraphics Part Entities
! SUMMARY-   
! SUMMARY-  Entities Processed             Count
! SUMMARY-  ------------------             -----
! SUMMARY-  Solid .......................:     1
! SUMMARY-                                 -----
! SUMMARY-  Total                              1
! INFO-      
! INFO-     Total number of solids input for this translation       :         1
! INFO-      
! INFO-     Number of solids created without body validation faults :         1
! INFO-      
! INFO-     Number of solids created with body validation fault(s)  :         0
! INFO-      
! INFO-     Number of solids ending up as sheet bodies              :         0
! INFO-      
! INFO-     End of Translation: 22-FEB-2024  11:33:28 PM
! INFO-      
