STEP to UG
! INFO-     NX STEP AP203 - V2206.1700
! INFO-      
! INFO-     Start of Translation: 21-FEB-2024  6:38:19 PM
! INFO-      
! STATUS-   Converting Part: C:\Users\autum\OneDrive\Nx\Balloon Project\innermount.step
! SUMMARY-   
! SUMMARY-    STEP Header Information
! SUMMARY-   
! SUMMARY-  Description      HOOPS Exchange Step
! SUMMARY-  Imp_Level        2;1
! SUMMARY-  File_Name        /private/var/mobile/Containers/Data/Application/4EEC22CD-D2FF-45C9-866B-60E3D3BBEF7C/tmp/export/temp_export
! SUMMARY-  Date             2024-02-21T18:26:34+16:00
! SUMMARY-  Author           mobile
! SUMMARY-  Organization     Shapr3D Limited
! SUMMARY-  Pre_Version      HOOPS Exchange 2023.2
! SUMMARY-  Orig_System      Shapr3D
! SUMMARY-  Authorization    Authorized
! SUMMARY-  Schema_ID        automotive_design
! SUMMARY-   
! SUMMARY-    Summary of STEP Entities
! SUMMARY-   
! SUMMARY-  Entity Type                                                   Count
! SUMMARY-  -----------                                                   ------
! SUMMARY-  advanced_face ..............................................:    205
! SUMMARY-  application_context ........................................:      1
! SUMMARY-  axis2_placement_3d .........................................:    427
! SUMMARY-  b_spline_curve_with_knots ..................................:     41
! SUMMARY-  b_spline_surface_with_knots ................................:     16
! SUMMARY-  cartesian_point ............................................:   4537
! SUMMARY-  circle .....................................................:    228
! SUMMARY-  closed_shell ...............................................:      1
! SUMMARY-  context_dependent_shape_representation .....................:      1
! SUMMARY-  conversion_based_unit_and_plane_angle_unit .................:      2
! SUMMARY-  cylindrical_surface ........................................:    103
! SUMMARY-  degenerate_toroidal_surface ................................:     12
! SUMMARY-  dimensional_exponents ......................................:      2
! SUMMARY-  direction ..................................................:   1095
! SUMMARY-  draughting_model ...........................................:      2
! SUMMARY-  edge_curve .................................................:    518
! SUMMARY-  edge_loop ..................................................:    237
! SUMMARY-  ellipse ....................................................:      8
! SUMMARY-  face_bound .................................................:    237
! SUMMARY-  geometric_representation_context_and_global_uncertainty_a ..:      2
! SUMMARY-  item_defined_transformation ................................:      1
! SUMMARY-  length_unit_and_si_unit ....................................:      2
! SUMMARY-  line .......................................................:    241
! SUMMARY-  manifold_solid_brep ........................................:      1
! SUMMARY-  next_assembly_usage_occurrence .............................:      1
! SUMMARY-  oriented_edge ..............................................:   1036
! SUMMARY-  plane ......................................................:     58
! SUMMARY-  plane_angle_measure_with_unit ..............................:      2
! SUMMARY-  plane_angle_unit_and_si_unit ...............................:      2
! SUMMARY-  product ....................................................:      2
! SUMMARY-  product_context ............................................:      1
! SUMMARY-  product_definition .........................................:      2
! SUMMARY-  product_definition_context .................................:      1
! SUMMARY-  product_definition_formation_with_specified_source .........:      2
! SUMMARY-  product_definition_shape ...................................:      3
! SUMMARY-  product_related_product_category ...........................:      2
! SUMMARY-  representation_relationship_with_transformation_and_shape ..:      1
! SUMMARY-  shape_representation .......................................:      2
! SUMMARY-  si_unit_and_solid_angle_unit ...............................:      2
! SUMMARY-  toroidal_surface ...........................................:     16
! SUMMARY-  uncertainty_measure_with_unit ..............................:      2
! SUMMARY-  vector .....................................................:    241
! SUMMARY-  vertex_point ...............................................:    321
! SUMMARY-                                                               -------
! SUMMARY-  Total                                                           9617
! STATUS-    
! STATUS-   Converting to Output Form (Phase 2 of 3): 21-FEB-2024 6:38:20 PM
! STATUS-    
! STATUS-    
! STATUS-   Generating UG geometry and placing them in parts
! STATUS-    
! STATUS-   Creating the UG part (Phase 3 of 3): 21-FEB-2024  6:38:20 PM
! INFO-     Filing Part ..: C:\Users\autum\Documents\GitHub\ASTEBalloon\SPOT Gimbal\Imported
! SUMMARY-   
! SUMMARY-  Summary of Unigraphics Part Entities
! SUMMARY-   
! SUMMARY-  Entities Processed             Count
! SUMMARY-  ------------------             -----
! SUMMARY-  View ........................:     1
! SUMMARY-                                 -----
! SUMMARY-  Total                              1
! STATUS-   Creating the UG part (Phase 3 of 3): 21-FEB-2024  6:38:20 PM
! INFO-     Filing Part ..: C:\Users\autum\Documents\GitHub\ASTEBalloon\SPOT Gimbal\innermount.prt
! SUMMARY-   
! SUMMARY-  Summary of Unigraphics Part Entities
! SUMMARY-   
! SUMMARY-  Entities Processed             Count
! SUMMARY-  ------------------             -----
! SUMMARY-  View ........................:     1
! SUMMARY-  Component ...................:     1
! SUMMARY-  Solid .......................:     1
! SUMMARY-                                 -----
! SUMMARY-  Total                              3
! INFO-      
! INFO-     Total number of solids input for this translation       :         1
! INFO-      
! INFO-     Number of solids created without body validation faults :         1
! INFO-      
! INFO-     Number of solids created with body validation fault(s)  :         0
! INFO-      
! INFO-     Number of solids ending up as sheet bodies              :         0
! INFO-      
! INFO-     End of Translation: 21-FEB-2024  6:38:21 PM
! INFO-      
