STEP to UG
! INFO-     NX STEP AP203 - V2206.1700
! INFO-      
! INFO-     Start of Translation: 28-MAR-2024  1:14:37 AM
! INFO-      
! STATUS-   Converting Part: C:\Users\autum\Documents\GitHub\ASTEBalloon\SPOT Gimbal\Spotgimbal_Body 24 (4).step
! SUMMARY-   
! SUMMARY-    STEP Header Information
! SUMMARY-   
! SUMMARY-  Description      HOOPS Exchange Step
! SUMMARY-  Imp_Level        2;1
! SUMMARY-  File_Name        /private/var/mobile/Containers/Data/Application/BF52B52C-C690-4FA4-A3E6-50A27B25AFC9/tmp/export/temp_export
! SUMMARY-  Date             2024-03-28T01:10:42-07:00
! SUMMARY-  Author           mobile
! SUMMARY-  Organization     Shapr3D Limited
! SUMMARY-  Pre_Version      HOOPS Exchange 2023.2
! SUMMARY-  Orig_System      Shapr3D
! SUMMARY-  Authorization    Authorized
! SUMMARY-  Schema_ID        automotive_design
! SUMMARY-   
! SUMMARY-    Summary of STEP Entities
! SUMMARY-   
! SUMMARY-  Entity Type                                                   Count
! SUMMARY-  -----------                                                   ------
! SUMMARY-  advanced_face ..............................................:    467
! SUMMARY-  application_context ........................................:      1
! SUMMARY-  axis2_placement_3d .........................................:   1121
! SUMMARY-  b_spline_curve_with_knots ..................................:    192
! SUMMARY-  b_spline_surface_with_knots ................................:     40
! SUMMARY-  cartesian_point ............................................:  18729
! SUMMARY-  circle .....................................................:    693
! SUMMARY-  closed_shell ...............................................:      1
! SUMMARY-  conversion_based_unit_and_plane_angle_unit .................:      1
! SUMMARY-  cylindrical_surface ........................................:    199
! SUMMARY-  dimensional_exponents ......................................:      1
! SUMMARY-  direction ..................................................:   2490
! SUMMARY-  draughting_model ...........................................:      1
! SUMMARY-  edge_curve .................................................:   1133
! SUMMARY-  edge_loop ..................................................:    503
! SUMMARY-  face_bound .................................................:    503
! SUMMARY-  geometric_representation_context_and_global_uncertainty_a ..:      1
! SUMMARY-  length_unit_and_si_unit ....................................:      1
! SUMMARY-  line .......................................................:    248
! SUMMARY-  manifold_solid_brep ........................................:      1
! SUMMARY-  oriented_edge ..............................................:   2266
! SUMMARY-  plane ......................................................:     44
! SUMMARY-  plane_angle_measure_with_unit ..............................:      1
! SUMMARY-  plane_angle_unit_and_si_unit ...............................:      1
! SUMMARY-  product ....................................................:      1
! SUMMARY-  product_context ............................................:      1
! SUMMARY-  product_definition .........................................:      1
! SUMMARY-  product_definition_context .................................:      1
! SUMMARY-  product_definition_formation_with_specified_source .........:      1
! SUMMARY-  product_definition_shape ...................................:      1
! SUMMARY-  product_related_product_category ...........................:      1
! SUMMARY-  si_unit_and_solid_angle_unit ...............................:      1
! SUMMARY-  toroidal_surface ...........................................:    184
! SUMMARY-  uncertainty_measure_with_unit ..............................:      1
! SUMMARY-  vector .....................................................:    248
! SUMMARY-  vertex_point ...............................................:    670
! SUMMARY-                                                               -------
! SUMMARY-  Total                                                          29749
! STATUS-    
! STATUS-   Converting to Output Form (Phase 2 of 3): 28-MAR-2024 1:14:37 AM
! STATUS-    
! STATUS-    
! STATUS-   Generating UG geometry and placing them in parts
! STATUS-    
! STATUS-   Creating the UG part (Phase 3 of 3): 28-MAR-2024  1:14:38 AM
! INFO-     Filing Part ..: C:\Users\autum\Documents\GitHub\ASTEBalloon\SPOT Gimbal\Spotgimbal_Body 24 (4).prt
! SUMMARY-   
! SUMMARY-  Summary of Unigraphics Part Entities
! SUMMARY-   
! SUMMARY-  Entities Processed             Count
! SUMMARY-  ------------------             -----
! SUMMARY-  View ........................:     1
! SUMMARY-  Solid .......................:     1
! SUMMARY-                                 -----
! SUMMARY-  Total                              2
! INFO-      
! INFO-     Total number of solids input for this translation       :         1
! INFO-      
! INFO-     Number of solids created without body validation faults :         1
! INFO-      
! INFO-     Number of solids created with body validation fault(s)  :         0
! INFO-      
! INFO-     Number of solids ending up as sheet bodies              :         0
! INFO-      
! INFO-     End of Translation: 28-MAR-2024  1:14:39 AM
! INFO-      
